2022-03-08 00:39:41,120:INFO:PyCaret Supervised Module
2022-03-08 00:39:41,120:INFO:ML Usecase: classification
2022-03-08 00:39:41,121:INFO:version 2.3.6
2022-03-08 00:39:41,122:INFO:Initializing setup()
2022-03-08 00:39:41,122:INFO:setup(target=T, ml_usecase=classification, available_plots={'parameter': 'Hyperparameters', 'auc': 'AUC', 'confusion_matrix': 'Confusion Matrix', 'threshold': 'Threshold', 'pr': 'Precision Recall', 'error': 'Prediction Error', 'class_report': 'Class Report', 'rfe': 'Feature Selection', 'learning': 'Learning Curve', 'manifold': 'Manifold Learning', 'calibration': 'Calibration Curve', 'vc': 'Validation Curve', 'dimension': 'Dimensions', 'feature': 'Feature Importance', 'feature_all': 'Feature Importance (All)', 'boundary': 'Decision Boundary', 'lift': 'Lift Chart', 'gain': 'Gain Chart', 'tree': 'Decision Tree', 'ks': 'KS Statistic Plot'}, train_size=0.7, test_data=None, preprocess=True, imputation_type=simple, iterative_imputation_iters=5, categorical_features=None, categorical_imputation=constant, categorical_iterative_imputer=lightgbm, ordinal_features=None, high_cardinality_features=None, high_cardinality_method=frequency, numeric_features=None, numeric_imputation=mean, numeric_iterative_imputer=lightgbm, date_features=None, ignore_features=None, normalize=True, normalize_method=zscore, transformation=False, transformation_method=yeo-johnson, handle_unknown_categorical=True, unknown_categorical_method=least_frequent, pca=False, pca_method=linear, pca_components=None, ignore_low_variance=False, combine_rare_levels=True, rare_level_threshold=0.1, bin_numeric_features=None, remove_outliers=True, outliers_threshold=0.05, remove_multicollinearity=True, multicollinearity_threshold=0.9, remove_perfect_collinearity=True, create_clusters=False, cluster_iter=20, polynomial_features=False, polynomial_degree=2, trigonometry_features=False, polynomial_threshold=0.1, group_features=None, group_names=None, feature_selection=False, feature_selection_threshold=0.8, feature_selection_method=classic, feature_interaction=False, feature_ratio=False, interaction_threshold=0.01, fix_imbalance=True, fix_imbalance_method=None, transform_target=False, transform_target_method=box-cox, data_split_shuffle=True, data_split_stratify=False, fold_strategy=stratifiedkfold, fold=10, fold_shuffle=False, fold_groups=None, n_jobs=-1, use_gpu=False, custom_pipeline=None, html=True, session_id=6310, log_experiment=False, experiment_name=None, log_plots=False, log_profile=False, log_data=False, silent=False, verbose=True, profile=False, profile_kwargs=None, display=None)
2022-03-08 00:39:41,123:INFO:Checking environment
2022-03-08 00:39:41,123:INFO:python_version: 3.7.12
2022-03-08 00:39:41,123:INFO:python_build: ('default', 'Jan 15 2022 18:48:18')
2022-03-08 00:39:41,123:INFO:machine: x86_64
2022-03-08 00:39:41,123:INFO:platform: Linux-5.4.144+-x86_64-with-Ubuntu-18.04-bionic
2022-03-08 00:39:41,123:INFO:Memory: svmem(total=13622181888, available=12260982784, percent=10.0, used=1131745280, free=8437227520, active=1563811840, inactive=3293351936, buffers=148123648, cached=3905085440, shared=1208320, slab=248274944)
2022-03-08 00:39:41,123:INFO:Physical Core: 1
2022-03-08 00:39:41,123:INFO:Logical Core: 2
2022-03-08 00:39:41,123:INFO:Checking libraries
2022-03-08 00:39:41,123:INFO:pd==1.3.5
2022-03-08 00:39:41,123:INFO:numpy==1.21.5
2022-03-08 00:39:41,124:INFO:sklearn==0.23.2
2022-03-08 00:39:41,124:INFO:lightgbm==3.3.2
2022-03-08 00:39:41,124:WARNING:catboost not found
2022-03-08 00:39:41,192:INFO:xgboost==0.90
2022-03-08 00:39:41,595:INFO:mlflow==1.24.0
2022-03-08 00:39:41,595:INFO:Checking Exceptions
2022-03-08 00:39:41,596:INFO:Declaring global variables
2022-03-08 00:39:41,596:INFO:USI: 9944
2022-03-08 00:39:41,596:INFO:pycaret_globals: {'data_before_preprocess', 'y', 'fold_shuffle_param', 'pycaret_globals', 'html_param', 'X', 'stratify_param', 'n_jobs_param', 'create_model_container', '_internal_pipeline', 'master_model_container', 'fix_imbalance_method_param', 'experiment__', '_ml_usecase', 'log_plots_param', 'seed', 'iterative_imputation_iters_param', 'fold_groups_param', 'y_test', '_all_models', 'gpu_param', 'imputation_regressor', 'logging_param', 'fold_generator', '_available_plots', 'imputation_classifier', 'fold_param', 'fix_imbalance_param', 'transform_target_method_param', 'fold_groups_param_full', 'exp_name_log', 'USI', 'display_container', 'transform_target_param', 'X_train', '_all_metrics', 'target_param', 'X_test', '_all_models_internal', 'prep_pipe', 'y_train', '_gpu_n_jobs_param'}
2022-03-08 00:39:41,596:INFO:Preparing display monitor
2022-03-08 00:39:41,596:INFO:Preparing display monitor
2022-03-08 00:39:41,633:INFO:Importing libraries
2022-03-08 00:39:41,634:INFO:Copying data for preprocessing
2022-03-08 00:39:41,651:INFO:Declaring preprocessing parameters
2022-03-08 00:39:41,658:INFO:Creating preprocessing pipeline
2022-03-08 00:39:41,671:INFO:Preprocessing pipeline created successfully
2022-03-08 00:39:41,671:ERROR:(Process Exit): setup has been interupted with user command 'quit'. setup must rerun.
2022-03-08 00:39:41,671:INFO:Creating global containers
2022-03-08 00:39:41,674:INFO:Internal pipeline: Pipeline(memory=None,
         steps=[('fix_imbalance',
                 SMOTE(k_neighbors=5, n_jobs=None, random_state=6310,
                       sampling_strategy='auto'))],
         verbose=False)
2022-03-08 00:39:44,895:WARNING:Wrong xgboost version. Expected xgboost>=1.1.0, got xgboost==0.90
2022-03-08 00:39:44,896:WARNING:Couldn't import catboost.CatBoostClassifier
2022-03-08 00:39:44,984:WARNING:Wrong xgboost version. Expected xgboost>=1.1.0, got xgboost==0.90
2022-03-08 00:39:44,986:WARNING:Couldn't import catboost.CatBoostClassifier
2022-03-08 00:39:44,987:INFO:Creating grid variables
2022-03-08 00:39:45,014:INFO:create_model_container: 0
2022-03-08 00:39:45,014:INFO:master_model_container: 0
2022-03-08 00:39:45,014:INFO:display_container: 1
2022-03-08 00:39:45,027:INFO:Pipeline(memory=None,
         steps=[('dtypes',
                 DataTypes_Auto_infer(categorical_features=[],
                                      display_types=True, features_todrop=[],
                                      id_columns=[],
                                      ml_usecase='classification',
                                      numerical_features=[], target='T',
                                      time_features=[])),
                ('imputer',
                 Simple_Imputer(categorical_strategy='not_available',
                                fill_value_categorical=None,
                                fill_value_numerical=None,
                                numeric_strategy='...
                ('cluster_all', 'passthrough'), ('dummy', Dummify(target='T')),
                ('fix_perfect', Remove_100(target='T')),
                ('clean_names', Clean_Colum_Names()),
                ('feature_select', 'passthrough'),
                ('fix_multi',
                 Fix_multicollinearity(correlation_with_target_preference=None,
                                       correlation_with_target_threshold=0.0,
                                       target_variable='T', threshold=0.9)),
                ('dfs', 'passthrough'), ('pca', 'passthrough')],
         verbose=False)
2022-03-08 00:39:45,027:INFO:setup() succesfully completed......................................
2022-03-08 00:39:53,269:INFO:Initializing compare_models()
2022-03-08 00:39:53,270:INFO:compare_models(include=None, fold=None, round=4, cross_validation=True, sort=Recall, n_select=1, budget_time=None, turbo=True, errors=ignore, fit_kwargs=None, groups=None, probability_threshold=None, verbose=True, display=None, exclude=None)
2022-03-08 00:39:53,270:INFO:Checking exceptions
2022-03-08 00:39:53,271:INFO:Preparing display monitor
2022-03-08 00:39:53,272:INFO:Preparing display monitor
2022-03-08 00:39:53,353:INFO:Initializing Logistic Regression
2022-03-08 00:39:53,353:INFO:Total runtime is 6.898244222005208e-06 minutes
2022-03-08 00:39:53,380:INFO:SubProcess create_model() called ==================================
2022-03-08 00:39:53,381:INFO:Initializing create_model()
2022-03-08 00:39:53,381:INFO:create_model(estimator=lr, fold=StratifiedKFold(n_splits=10, random_state=None, shuffle=False), round=4, cross_validation=True, predict=True, fit_kwargs={}, groups=None, refit=False, verbose=False, system=False, metrics=None, add_to_model_list=True, probability_threshold=None, display=<pycaret.internal.Display.Display object at 0x7f145d1aa450>, kwargs={})
2022-03-08 00:39:53,381:INFO:Checking exceptions
2022-03-08 00:39:53,382:INFO:Importing libraries
2022-03-08 00:39:53,382:INFO:Copying training dataset
2022-03-08 00:39:53,384:INFO:Defining folds
2022-03-08 00:39:53,384:INFO:Declaring metric variables
2022-03-08 00:39:53,406:INFO:Importing untrained model
2022-03-08 00:39:53,428:INFO:Logistic Regression Imported succesfully
2022-03-08 00:39:53,473:INFO:Starting cross validation
2022-03-08 00:39:53,475:INFO:Cross validating with StratifiedKFold(n_splits=10, random_state=None, shuffle=False), n_jobs=-1
2022-03-08 00:39:56,845:INFO:Calculating mean and std
2022-03-08 00:39:56,847:INFO:Creating metrics dataframe
2022-03-08 00:39:56,858:INFO:Uploading results into container
2022-03-08 00:39:56,858:INFO:Uploading model into container now
2022-03-08 00:39:56,859:INFO:create_model_container: 1
2022-03-08 00:39:56,859:INFO:master_model_container: 1
2022-03-08 00:39:56,859:INFO:display_container: 2
2022-03-08 00:39:56,860:INFO:LogisticRegression(C=1.0, class_weight=None, dual=False, fit_intercept=True,
                   intercept_scaling=1, l1_ratio=None, max_iter=1000,
                   multi_class='auto', n_jobs=None, penalty='l2',
                   random_state=6310, solver='lbfgs', tol=0.0001, verbose=0,
                   warm_start=False)
2022-03-08 00:39:56,860:INFO:create_model() succesfully completed......................................
2022-03-08 00:39:56,980:INFO:SubProcess create_model() end ==================================
2022-03-08 00:39:56,980:INFO:Creating metrics dataframe
2022-03-08 00:39:56,996:INFO:Initializing K Neighbors Classifier
2022-03-08 00:39:56,996:INFO:Total runtime is 0.06072456836700439 minutes
2022-03-08 00:39:57,013:INFO:SubProcess create_model() called ==================================
2022-03-08 00:39:57,014:INFO:Initializing create_model()
2022-03-08 00:39:57,014:INFO:create_model(estimator=knn, fold=StratifiedKFold(n_splits=10, random_state=None, shuffle=False), round=4, cross_validation=True, predict=True, fit_kwargs={}, groups=None, refit=False, verbose=False, system=False, metrics=None, add_to_model_list=True, probability_threshold=None, display=<pycaret.internal.Display.Display object at 0x7f145d1aa450>, kwargs={})
2022-03-08 00:39:57,014:INFO:Checking exceptions
2022-03-08 00:39:57,014:INFO:Importing libraries
2022-03-08 00:39:57,014:INFO:Copying training dataset
2022-03-08 00:39:57,016:INFO:Defining folds
2022-03-08 00:39:57,017:INFO:Declaring metric variables
2022-03-08 00:39:57,032:INFO:Importing untrained model
2022-03-08 00:39:57,050:INFO:K Neighbors Classifier Imported succesfully
2022-03-08 00:39:57,083:INFO:Starting cross validation
2022-03-08 00:39:57,084:INFO:Cross validating with StratifiedKFold(n_splits=10, random_state=None, shuffle=False), n_jobs=-1
2022-03-08 00:39:58,404:INFO:Calculating mean and std
2022-03-08 00:39:58,405:INFO:Creating metrics dataframe
2022-03-08 00:39:58,417:INFO:Uploading results into container
2022-03-08 00:39:58,417:INFO:Uploading model into container now
2022-03-08 00:39:58,418:INFO:create_model_container: 2
2022-03-08 00:39:58,418:INFO:master_model_container: 2
2022-03-08 00:39:58,418:INFO:display_container: 2
2022-03-08 00:39:58,421:INFO:KNeighborsClassifier(algorithm='auto', leaf_size=30, metric='minkowski',
                     metric_params=None, n_jobs=-1, n_neighbors=5, p=2,
                     weights='uniform')
2022-03-08 00:39:58,421:INFO:create_model() succesfully completed......................................
2022-03-08 00:39:58,527:INFO:SubProcess create_model() end ==================================
2022-03-08 00:39:58,527:INFO:Creating metrics dataframe
2022-03-08 00:39:58,544:INFO:Initializing Naive Bayes
2022-03-08 00:39:58,544:INFO:Total runtime is 0.08652268250783285 minutes
2022-03-08 00:39:58,567:INFO:SubProcess create_model() called ==================================
2022-03-08 00:39:58,567:INFO:Initializing create_model()
2022-03-08 00:39:58,567:INFO:create_model(estimator=nb, fold=StratifiedKFold(n_splits=10, random_state=None, shuffle=False), round=4, cross_validation=True, predict=True, fit_kwargs={}, groups=None, refit=False, verbose=False, system=False, metrics=None, add_to_model_list=True, probability_threshold=None, display=<pycaret.internal.Display.Display object at 0x7f145d1aa450>, kwargs={})
2022-03-08 00:39:58,567:INFO:Checking exceptions
2022-03-08 00:39:58,568:INFO:Importing libraries
2022-03-08 00:39:58,568:INFO:Copying training dataset
2022-03-08 00:39:58,569:INFO:Defining folds
2022-03-08 00:39:58,569:INFO:Declaring metric variables
2022-03-08 00:39:58,586:INFO:Importing untrained model
2022-03-08 00:39:58,602:INFO:Naive Bayes Imported succesfully
2022-03-08 00:39:58,633:INFO:Starting cross validation
2022-03-08 00:39:58,635:INFO:Cross validating with StratifiedKFold(n_splits=10, random_state=None, shuffle=False), n_jobs=-1
2022-03-08 00:39:58,872:INFO:Calculating mean and std
2022-03-08 00:39:58,873:INFO:Creating metrics dataframe
2022-03-08 00:39:58,878:INFO:Uploading results into container
2022-03-08 00:39:58,879:INFO:Uploading model into container now
2022-03-08 00:39:58,879:INFO:create_model_container: 3
2022-03-08 00:39:58,879:INFO:master_model_container: 3
2022-03-08 00:39:58,879:INFO:display_container: 2
2022-03-08 00:39:58,879:INFO:GaussianNB(priors=None, var_smoothing=1e-09)
2022-03-08 00:39:58,880:INFO:create_model() succesfully completed......................................
2022-03-08 00:39:58,988:INFO:SubProcess create_model() end ==================================
2022-03-08 00:39:58,989:INFO:Creating metrics dataframe
2022-03-08 00:39:59,009:INFO:Initializing Decision Tree Classifier
2022-03-08 00:39:59,009:INFO:Total runtime is 0.09427343606948853 minutes
2022-03-08 00:39:59,027:INFO:SubProcess create_model() called ==================================
2022-03-08 00:39:59,027:INFO:Initializing create_model()
2022-03-08 00:39:59,027:INFO:create_model(estimator=dt, fold=StratifiedKFold(n_splits=10, random_state=None, shuffle=False), round=4, cross_validation=True, predict=True, fit_kwargs={}, groups=None, refit=False, verbose=False, system=False, metrics=None, add_to_model_list=True, probability_threshold=None, display=<pycaret.internal.Display.Display object at 0x7f145d1aa450>, kwargs={})
2022-03-08 00:39:59,027:INFO:Checking exceptions
2022-03-08 00:39:59,028:INFO:Importing libraries
2022-03-08 00:39:59,028:INFO:Copying training dataset
2022-03-08 00:39:59,029:INFO:Defining folds
2022-03-08 00:39:59,029:INFO:Declaring metric variables
2022-03-08 00:39:59,048:INFO:Importing untrained model
2022-03-08 00:39:59,064:INFO:Decision Tree Classifier Imported succesfully
2022-03-08 00:39:59,096:INFO:Starting cross validation
2022-03-08 00:39:59,097:INFO:Cross validating with StratifiedKFold(n_splits=10, random_state=None, shuffle=False), n_jobs=-1
2022-03-08 00:39:59,560:INFO:Calculating mean and std
2022-03-08 00:39:59,561:INFO:Creating metrics dataframe
2022-03-08 00:39:59,569:INFO:Uploading results into container
2022-03-08 00:39:59,570:INFO:Uploading model into container now
2022-03-08 00:39:59,570:INFO:create_model_container: 4
2022-03-08 00:39:59,570:INFO:master_model_container: 4
2022-03-08 00:39:59,570:INFO:display_container: 2
2022-03-08 00:39:59,571:INFO:DecisionTreeClassifier(ccp_alpha=0.0, class_weight=None, criterion='gini',
                       max_depth=None, max_features=None, max_leaf_nodes=None,
                       min_impurity_decrease=0.0, min_impurity_split=None,
                       min_samples_leaf=1, min_samples_split=2,
                       min_weight_fraction_leaf=0.0, presort='deprecated',
                       random_state=6310, splitter='best')
2022-03-08 00:39:59,571:INFO:create_model() succesfully completed......................................
2022-03-08 00:39:59,677:INFO:SubProcess create_model() end ==================================
2022-03-08 00:39:59,677:INFO:Creating metrics dataframe
2022-03-08 00:39:59,695:INFO:Initializing SVM - Linear Kernel
2022-03-08 00:39:59,695:INFO:Total runtime is 0.10571273962656658 minutes
2022-03-08 00:39:59,713:INFO:SubProcess create_model() called ==================================
2022-03-08 00:39:59,714:INFO:Initializing create_model()
2022-03-08 00:39:59,714:INFO:create_model(estimator=svm, fold=StratifiedKFold(n_splits=10, random_state=None, shuffle=False), round=4, cross_validation=True, predict=True, fit_kwargs={}, groups=None, refit=False, verbose=False, system=False, metrics=None, add_to_model_list=True, probability_threshold=None, display=<pycaret.internal.Display.Display object at 0x7f145d1aa450>, kwargs={})
2022-03-08 00:39:59,714:INFO:Checking exceptions
2022-03-08 00:39:59,714:INFO:Importing libraries
2022-03-08 00:39:59,714:INFO:Copying training dataset
2022-03-08 00:39:59,716:INFO:Defining folds
2022-03-08 00:39:59,717:INFO:Declaring metric variables
2022-03-08 00:39:59,733:INFO:Importing untrained model
2022-03-08 00:39:59,752:INFO:SVM - Linear Kernel Imported succesfully
2022-03-08 00:39:59,788:INFO:Starting cross validation
2022-03-08 00:39:59,789:INFO:Cross validating with StratifiedKFold(n_splits=10, random_state=None, shuffle=False), n_jobs=-1
2022-03-08 00:40:00,178:INFO:Calculating mean and std
2022-03-08 00:40:00,179:INFO:Creating metrics dataframe
2022-03-08 00:40:00,184:INFO:Uploading results into container
2022-03-08 00:40:00,185:INFO:Uploading model into container now
2022-03-08 00:40:00,185:INFO:create_model_container: 5
2022-03-08 00:40:00,185:INFO:master_model_container: 5
2022-03-08 00:40:00,185:INFO:display_container: 2
2022-03-08 00:40:00,186:INFO:SGDClassifier(alpha=0.0001, average=False, class_weight=None,
              early_stopping=False, epsilon=0.1, eta0=0.001, fit_intercept=True,
              l1_ratio=0.15, learning_rate='optimal', loss='hinge',
              max_iter=1000, n_iter_no_change=5, n_jobs=-1, penalty='l2',
              power_t=0.5, random_state=6310, shuffle=True, tol=0.001,
              validation_fraction=0.1, verbose=0, warm_start=False)
2022-03-08 00:40:00,186:INFO:create_model() succesfully completed......................................
2022-03-08 00:40:00,299:INFO:SubProcess create_model() end ==================================
2022-03-08 00:40:00,299:INFO:Creating metrics dataframe
2022-03-08 00:40:00,318:INFO:Initializing Ridge Classifier
2022-03-08 00:40:00,318:INFO:Total runtime is 0.1160904367764791 minutes
2022-03-08 00:40:00,336:INFO:SubProcess create_model() called ==================================
2022-03-08 00:40:00,337:INFO:Initializing create_model()
2022-03-08 00:40:00,337:INFO:create_model(estimator=ridge, fold=StratifiedKFold(n_splits=10, random_state=None, shuffle=False), round=4, cross_validation=True, predict=True, fit_kwargs={}, groups=None, refit=False, verbose=False, system=False, metrics=None, add_to_model_list=True, probability_threshold=None, display=<pycaret.internal.Display.Display object at 0x7f145d1aa450>, kwargs={})
2022-03-08 00:40:00,337:INFO:Checking exceptions
2022-03-08 00:40:00,337:INFO:Importing libraries
2022-03-08 00:40:00,337:INFO:Copying training dataset
2022-03-08 00:40:00,339:INFO:Defining folds
2022-03-08 00:40:00,339:INFO:Declaring metric variables
2022-03-08 00:40:00,355:INFO:Importing untrained model
2022-03-08 00:40:00,373:INFO:Ridge Classifier Imported succesfully
2022-03-08 00:40:00,417:INFO:Starting cross validation
2022-03-08 00:40:00,418:INFO:Cross validating with StratifiedKFold(n_splits=10, random_state=None, shuffle=False), n_jobs=-1
2022-03-08 00:40:00,641:INFO:Calculating mean and std
2022-03-08 00:40:00,643:INFO:Creating metrics dataframe
2022-03-08 00:40:00,652:INFO:Uploading results into container
2022-03-08 00:40:00,653:INFO:Uploading model into container now
2022-03-08 00:40:00,653:INFO:create_model_container: 6
2022-03-08 00:40:00,653:INFO:master_model_container: 6
2022-03-08 00:40:00,653:INFO:display_container: 2
2022-03-08 00:40:00,654:INFO:RidgeClassifier(alpha=1.0, class_weight=None, copy_X=True, fit_intercept=True,
                max_iter=None, normalize=False, random_state=6310,
                solver='auto', tol=0.001)
2022-03-08 00:40:00,654:INFO:create_model() succesfully completed......................................
2022-03-08 00:40:00,761:INFO:SubProcess create_model() end ==================================
2022-03-08 00:40:00,761:INFO:Creating metrics dataframe
2022-03-08 00:40:00,779:INFO:Initializing Random Forest Classifier
2022-03-08 00:40:00,779:INFO:Total runtime is 0.12377664248148601 minutes
2022-03-08 00:40:00,797:INFO:SubProcess create_model() called ==================================
2022-03-08 00:40:00,797:INFO:Initializing create_model()
2022-03-08 00:40:00,798:INFO:create_model(estimator=rf, fold=StratifiedKFold(n_splits=10, random_state=None, shuffle=False), round=4, cross_validation=True, predict=True, fit_kwargs={}, groups=None, refit=False, verbose=False, system=False, metrics=None, add_to_model_list=True, probability_threshold=None, display=<pycaret.internal.Display.Display object at 0x7f145d1aa450>, kwargs={})
2022-03-08 00:40:00,798:INFO:Checking exceptions
2022-03-08 00:40:00,799:INFO:Importing libraries
2022-03-08 00:40:00,799:INFO:Copying training dataset
2022-03-08 00:40:00,801:INFO:Defining folds
2022-03-08 00:40:00,801:INFO:Declaring metric variables
2022-03-08 00:40:00,820:INFO:Importing untrained model
2022-03-08 00:40:00,840:INFO:Random Forest Classifier Imported succesfully
2022-03-08 00:40:00,880:INFO:Starting cross validation
2022-03-08 00:40:00,882:INFO:Cross validating with StratifiedKFold(n_splits=10, random_state=None, shuffle=False), n_jobs=-1
2022-03-08 00:40:10,067:INFO:Calculating mean and std
2022-03-08 00:40:10,071:INFO:Creating metrics dataframe
2022-03-08 00:40:10,078:INFO:Uploading results into container
2022-03-08 00:40:10,079:INFO:Uploading model into container now
2022-03-08 00:40:10,079:INFO:create_model_container: 7
2022-03-08 00:40:10,079:INFO:master_model_container: 7
2022-03-08 00:40:10,079:INFO:display_container: 2
2022-03-08 00:40:10,084:INFO:RandomForestClassifier(bootstrap=True, ccp_alpha=0.0, class_weight=None,
                       criterion='gini', max_depth=None, max_features='auto',
                       max_leaf_nodes=None, max_samples=None,
                       min_impurity_decrease=0.0, min_impurity_split=None,
                       min_samples_leaf=1, min_samples_split=2,
                       min_weight_fraction_leaf=0.0, n_estimators=100,
                       n_jobs=-1, oob_score=False, random_state=6310, verbose=0,
                       warm_start=False)
2022-03-08 00:40:10,085:INFO:create_model() succesfully completed......................................
2022-03-08 00:40:10,197:INFO:SubProcess create_model() end ==================================
2022-03-08 00:40:10,197:INFO:Creating metrics dataframe
2022-03-08 00:40:10,216:INFO:Initializing Quadratic Discriminant Analysis
2022-03-08 00:40:10,216:INFO:Total runtime is 0.28106102148691814 minutes
2022-03-08 00:40:10,236:INFO:SubProcess create_model() called ==================================
2022-03-08 00:40:10,237:INFO:Initializing create_model()
2022-03-08 00:40:10,237:INFO:create_model(estimator=qda, fold=StratifiedKFold(n_splits=10, random_state=None, shuffle=False), round=4, cross_validation=True, predict=True, fit_kwargs={}, groups=None, refit=False, verbose=False, system=False, metrics=None, add_to_model_list=True, probability_threshold=None, display=<pycaret.internal.Display.Display object at 0x7f145d1aa450>, kwargs={})
2022-03-08 00:40:10,237:INFO:Checking exceptions
2022-03-08 00:40:10,237:INFO:Importing libraries
2022-03-08 00:40:10,238:INFO:Copying training dataset
2022-03-08 00:40:10,241:INFO:Defining folds
2022-03-08 00:40:10,241:INFO:Declaring metric variables
2022-03-08 00:40:10,258:INFO:Importing untrained model
2022-03-08 00:40:10,273:INFO:Quadratic Discriminant Analysis Imported succesfully
2022-03-08 00:40:10,306:INFO:Starting cross validation
2022-03-08 00:40:10,307:INFO:Cross validating with StratifiedKFold(n_splits=10, random_state=None, shuffle=False), n_jobs=-1
2022-03-08 00:40:10,573:INFO:Calculating mean and std
2022-03-08 00:40:10,574:INFO:Creating metrics dataframe
2022-03-08 00:40:10,580:INFO:Uploading results into container
2022-03-08 00:40:10,580:INFO:Uploading model into container now
2022-03-08 00:40:10,580:INFO:create_model_container: 8
2022-03-08 00:40:10,580:INFO:master_model_container: 8
2022-03-08 00:40:10,583:INFO:display_container: 2
2022-03-08 00:40:10,585:INFO:QuadraticDiscriminantAnalysis(priors=None, reg_param=0.0,
                              store_covariance=False, tol=0.0001)
2022-03-08 00:40:10,585:INFO:create_model() succesfully completed......................................
2022-03-08 00:40:10,692:INFO:SubProcess create_model() end ==================================
2022-03-08 00:40:10,692:INFO:Creating metrics dataframe
2022-03-08 00:40:10,712:INFO:Initializing Ada Boost Classifier
2022-03-08 00:40:10,713:INFO:Total runtime is 0.2893351912498474 minutes
2022-03-08 00:40:10,737:INFO:SubProcess create_model() called ==================================
2022-03-08 00:40:10,737:INFO:Initializing create_model()
2022-03-08 00:40:10,737:INFO:create_model(estimator=ada, fold=StratifiedKFold(n_splits=10, random_state=None, shuffle=False), round=4, cross_validation=True, predict=True, fit_kwargs={}, groups=None, refit=False, verbose=False, system=False, metrics=None, add_to_model_list=True, probability_threshold=None, display=<pycaret.internal.Display.Display object at 0x7f145d1aa450>, kwargs={})
2022-03-08 00:40:10,737:INFO:Checking exceptions
2022-03-08 00:40:10,737:INFO:Importing libraries
2022-03-08 00:40:10,737:INFO:Copying training dataset
2022-03-08 00:40:10,738:INFO:Defining folds
2022-03-08 00:40:10,739:INFO:Declaring metric variables
2022-03-08 00:40:10,755:INFO:Importing untrained model
2022-03-08 00:40:10,775:INFO:Ada Boost Classifier Imported succesfully
2022-03-08 00:40:10,812:INFO:Starting cross validation
2022-03-08 00:40:10,813:INFO:Cross validating with StratifiedKFold(n_splits=10, random_state=None, shuffle=False), n_jobs=-1
2022-03-08 00:40:13,255:INFO:Calculating mean and std
2022-03-08 00:40:13,256:INFO:Creating metrics dataframe
2022-03-08 00:40:13,261:INFO:Uploading results into container
2022-03-08 00:40:13,262:INFO:Uploading model into container now
2022-03-08 00:40:13,264:INFO:create_model_container: 9
2022-03-08 00:40:13,264:INFO:master_model_container: 9
2022-03-08 00:40:13,264:INFO:display_container: 2
2022-03-08 00:40:13,264:INFO:AdaBoostClassifier(algorithm='SAMME.R', base_estimator=None, learning_rate=1.0,
                   n_estimators=50, random_state=6310)
2022-03-08 00:40:13,264:INFO:create_model() succesfully completed......................................
2022-03-08 00:40:13,372:INFO:SubProcess create_model() end ==================================
2022-03-08 00:40:13,373:INFO:Creating metrics dataframe
2022-03-08 00:40:13,393:INFO:Initializing Gradient Boosting Classifier
2022-03-08 00:40:13,393:INFO:Total runtime is 0.3340047121047974 minutes
2022-03-08 00:40:13,411:INFO:SubProcess create_model() called ==================================
2022-03-08 00:40:13,411:INFO:Initializing create_model()
2022-03-08 00:40:13,412:INFO:create_model(estimator=gbc, fold=StratifiedKFold(n_splits=10, random_state=None, shuffle=False), round=4, cross_validation=True, predict=True, fit_kwargs={}, groups=None, refit=False, verbose=False, system=False, metrics=None, add_to_model_list=True, probability_threshold=None, display=<pycaret.internal.Display.Display object at 0x7f145d1aa450>, kwargs={})
2022-03-08 00:40:13,412:INFO:Checking exceptions
2022-03-08 00:40:13,412:INFO:Importing libraries
2022-03-08 00:40:13,412:INFO:Copying training dataset
2022-03-08 00:40:13,414:INFO:Defining folds
2022-03-08 00:40:13,414:INFO:Declaring metric variables
2022-03-08 00:40:13,429:INFO:Importing untrained model
2022-03-08 00:40:13,444:INFO:Gradient Boosting Classifier Imported succesfully
2022-03-08 00:40:13,479:INFO:Starting cross validation
2022-03-08 00:40:13,480:INFO:Cross validating with StratifiedKFold(n_splits=10, random_state=None, shuffle=False), n_jobs=-1
2022-03-08 00:40:19,980:INFO:Calculating mean and std
2022-03-08 00:40:19,981:INFO:Creating metrics dataframe
2022-03-08 00:40:19,992:INFO:Uploading results into container
2022-03-08 00:40:19,992:INFO:Uploading model into container now
2022-03-08 00:40:19,992:INFO:create_model_container: 10
2022-03-08 00:40:19,992:INFO:master_model_container: 10
2022-03-08 00:40:19,992:INFO:display_container: 2
2022-03-08 00:40:19,993:INFO:GradientBoostingClassifier(ccp_alpha=0.0, criterion='friedman_mse', init=None,
                           learning_rate=0.1, loss='deviance', max_depth=3,
                           max_features=None, max_leaf_nodes=None,
                           min_impurity_decrease=0.0, min_impurity_split=None,
                           min_samples_leaf=1, min_samples_split=2,
                           min_weight_fraction_leaf=0.0, n_estimators=100,
                           n_iter_no_change=None, presort='deprecated',
                           random_state=6310, subsample=1.0, tol=0.0001,
                           validation_fraction=0.1, verbose=0,
                           warm_start=False)
2022-03-08 00:40:19,993:INFO:create_model() succesfully completed......................................
2022-03-08 00:40:20,103:INFO:SubProcess create_model() end ==================================
2022-03-08 00:40:20,103:INFO:Creating metrics dataframe
2022-03-08 00:40:20,123:INFO:Initializing Linear Discriminant Analysis
2022-03-08 00:40:20,123:INFO:Total runtime is 0.4461713711420695 minutes
2022-03-08 00:40:20,142:INFO:SubProcess create_model() called ==================================
2022-03-08 00:40:20,143:INFO:Initializing create_model()
2022-03-08 00:40:20,143:INFO:create_model(estimator=lda, fold=StratifiedKFold(n_splits=10, random_state=None, shuffle=False), round=4, cross_validation=True, predict=True, fit_kwargs={}, groups=None, refit=False, verbose=False, system=False, metrics=None, add_to_model_list=True, probability_threshold=None, display=<pycaret.internal.Display.Display object at 0x7f145d1aa450>, kwargs={})
2022-03-08 00:40:20,143:INFO:Checking exceptions
2022-03-08 00:40:20,143:INFO:Importing libraries
2022-03-08 00:40:20,143:INFO:Copying training dataset
2022-03-08 00:40:20,145:INFO:Defining folds
2022-03-08 00:40:20,145:INFO:Declaring metric variables
2022-03-08 00:40:20,163:INFO:Importing untrained model
2022-03-08 00:40:20,178:INFO:Linear Discriminant Analysis Imported succesfully
2022-03-08 00:40:20,211:INFO:Starting cross validation
2022-03-08 00:40:20,213:INFO:Cross validating with StratifiedKFold(n_splits=10, random_state=None, shuffle=False), n_jobs=-1
2022-03-08 00:40:20,497:INFO:Calculating mean and std
2022-03-08 00:40:20,499:INFO:Creating metrics dataframe
2022-03-08 00:40:20,504:INFO:Uploading results into container
2022-03-08 00:40:20,505:INFO:Uploading model into container now
2022-03-08 00:40:20,505:INFO:create_model_container: 11
2022-03-08 00:40:20,505:INFO:master_model_container: 11
2022-03-08 00:40:20,506:INFO:display_container: 2
2022-03-08 00:40:20,507:INFO:LinearDiscriminantAnalysis(n_components=None, priors=None, shrinkage=None,
                           solver='svd', store_covariance=False, tol=0.0001)
2022-03-08 00:40:20,507:INFO:create_model() succesfully completed......................................
2022-03-08 00:40:20,622:INFO:SubProcess create_model() end ==================================
2022-03-08 00:40:20,622:INFO:Creating metrics dataframe
2022-03-08 00:40:20,644:INFO:Initializing Extra Trees Classifier
2022-03-08 00:40:20,644:INFO:Total runtime is 0.45485421021779376 minutes
2022-03-08 00:40:20,661:INFO:SubProcess create_model() called ==================================
2022-03-08 00:40:20,662:INFO:Initializing create_model()
2022-03-08 00:40:20,662:INFO:create_model(estimator=et, fold=StratifiedKFold(n_splits=10, random_state=None, shuffle=False), round=4, cross_validation=True, predict=True, fit_kwargs={}, groups=None, refit=False, verbose=False, system=False, metrics=None, add_to_model_list=True, probability_threshold=None, display=<pycaret.internal.Display.Display object at 0x7f145d1aa450>, kwargs={})
2022-03-08 00:40:20,662:INFO:Checking exceptions
2022-03-08 00:40:20,662:INFO:Importing libraries
2022-03-08 00:40:20,662:INFO:Copying training dataset
2022-03-08 00:40:20,664:INFO:Defining folds
2022-03-08 00:40:20,664:INFO:Declaring metric variables
2022-03-08 00:40:20,680:INFO:Importing untrained model
2022-03-08 00:40:20,697:INFO:Extra Trees Classifier Imported succesfully
2022-03-08 00:40:20,729:INFO:Starting cross validation
2022-03-08 00:40:20,731:INFO:Cross validating with StratifiedKFold(n_splits=10, random_state=None, shuffle=False), n_jobs=-1
2022-03-08 00:40:27,417:INFO:Calculating mean and std
2022-03-08 00:40:27,422:INFO:Creating metrics dataframe
2022-03-08 00:40:27,429:INFO:Uploading results into container
2022-03-08 00:40:27,430:INFO:Uploading model into container now
2022-03-08 00:40:27,430:INFO:create_model_container: 12
2022-03-08 00:40:27,430:INFO:master_model_container: 12
2022-03-08 00:40:27,430:INFO:display_container: 2
2022-03-08 00:40:27,431:INFO:ExtraTreesClassifier(bootstrap=False, ccp_alpha=0.0, class_weight=None,
                     criterion='gini', max_depth=None, max_features='auto',
                     max_leaf_nodes=None, max_samples=None,
                     min_impurity_decrease=0.0, min_impurity_split=None,
                     min_samples_leaf=1, min_samples_split=2,
                     min_weight_fraction_leaf=0.0, n_estimators=100, n_jobs=-1,
                     oob_score=False, random_state=6310, verbose=0,
                     warm_start=False)
2022-03-08 00:40:27,431:INFO:create_model() succesfully completed......................................
2022-03-08 00:40:27,541:INFO:SubProcess create_model() end ==================================
2022-03-08 00:40:27,541:INFO:Creating metrics dataframe
2022-03-08 00:40:27,562:INFO:Initializing Light Gradient Boosting Machine
2022-03-08 00:40:27,562:INFO:Total runtime is 0.5701658169428507 minutes
2022-03-08 00:40:27,582:INFO:SubProcess create_model() called ==================================
2022-03-08 00:40:27,583:INFO:Initializing create_model()
2022-03-08 00:40:27,583:INFO:create_model(estimator=lightgbm, fold=StratifiedKFold(n_splits=10, random_state=None, shuffle=False), round=4, cross_validation=True, predict=True, fit_kwargs={}, groups=None, refit=False, verbose=False, system=False, metrics=None, add_to_model_list=True, probability_threshold=None, display=<pycaret.internal.Display.Display object at 0x7f145d1aa450>, kwargs={})
2022-03-08 00:40:27,583:INFO:Checking exceptions
2022-03-08 00:40:27,583:INFO:Importing libraries
2022-03-08 00:40:27,584:INFO:Copying training dataset
2022-03-08 00:40:27,585:INFO:Defining folds
2022-03-08 00:40:27,586:INFO:Declaring metric variables
2022-03-08 00:40:27,604:INFO:Importing untrained model
2022-03-08 00:40:27,621:INFO:Light Gradient Boosting Machine Imported succesfully
2022-03-08 00:40:27,658:INFO:Starting cross validation
2022-03-08 00:40:27,659:INFO:Cross validating with StratifiedKFold(n_splits=10, random_state=None, shuffle=False), n_jobs=-1
2022-03-08 00:40:29,532:INFO:Calculating mean and std
2022-03-08 00:40:29,533:INFO:Creating metrics dataframe
2022-03-08 00:40:29,539:INFO:Uploading results into container
2022-03-08 00:40:29,539:INFO:Uploading model into container now
2022-03-08 00:40:29,540:INFO:create_model_container: 13
2022-03-08 00:40:29,540:INFO:master_model_container: 13
2022-03-08 00:40:29,540:INFO:display_container: 2
2022-03-08 00:40:29,541:INFO:LGBMClassifier(boosting_type='gbdt', class_weight=None, colsample_bytree=1.0,
               importance_type='split', learning_rate=0.1, max_depth=-1,
               min_child_samples=20, min_child_weight=0.001, min_split_gain=0.0,
               n_estimators=100, n_jobs=-1, num_leaves=31, objective=None,
               random_state=6310, reg_alpha=0.0, reg_lambda=0.0, silent='warn',
               subsample=1.0, subsample_for_bin=200000, subsample_freq=0)
2022-03-08 00:40:29,541:INFO:create_model() succesfully completed......................................
2022-03-08 00:40:29,652:INFO:SubProcess create_model() end ==================================
2022-03-08 00:40:29,653:INFO:Creating metrics dataframe
2022-03-08 00:40:29,679:INFO:Initializing Dummy Classifier
2022-03-08 00:40:29,679:INFO:Total runtime is 0.6054457426071167 minutes
2022-03-08 00:40:29,699:INFO:SubProcess create_model() called ==================================
2022-03-08 00:40:29,699:INFO:Initializing create_model()
2022-03-08 00:40:29,699:INFO:create_model(estimator=dummy, fold=StratifiedKFold(n_splits=10, random_state=None, shuffle=False), round=4, cross_validation=True, predict=True, fit_kwargs={}, groups=None, refit=False, verbose=False, system=False, metrics=None, add_to_model_list=True, probability_threshold=None, display=<pycaret.internal.Display.Display object at 0x7f145d1aa450>, kwargs={})
2022-03-08 00:40:29,699:INFO:Checking exceptions
2022-03-08 00:40:29,700:INFO:Importing libraries
2022-03-08 00:40:29,700:INFO:Copying training dataset
2022-03-08 00:40:29,702:INFO:Defining folds
2022-03-08 00:40:29,702:INFO:Declaring metric variables
2022-03-08 00:40:29,722:INFO:Importing untrained model
2022-03-08 00:40:29,741:INFO:Dummy Classifier Imported succesfully
2022-03-08 00:40:29,780:INFO:Starting cross validation
2022-03-08 00:40:29,782:INFO:Cross validating with StratifiedKFold(n_splits=10, random_state=None, shuffle=False), n_jobs=-1
2022-03-08 00:40:30,011:INFO:Calculating mean and std
2022-03-08 00:40:30,013:INFO:Creating metrics dataframe
2022-03-08 00:40:30,018:INFO:Uploading results into container
2022-03-08 00:40:30,019:INFO:Uploading model into container now
2022-03-08 00:40:30,019:INFO:create_model_container: 14
2022-03-08 00:40:30,020:INFO:master_model_container: 14
2022-03-08 00:40:30,020:INFO:display_container: 2
2022-03-08 00:40:30,020:INFO:DummyClassifier(constant=None, random_state=6310, strategy='prior')
2022-03-08 00:40:30,020:INFO:create_model() succesfully completed......................................
2022-03-08 00:40:30,135:INFO:SubProcess create_model() end ==================================
2022-03-08 00:40:30,136:INFO:Creating metrics dataframe
2022-03-08 00:40:30,210:INFO:Initializing create_model()
2022-03-08 00:40:30,210:INFO:create_model(estimator=LogisticRegression(C=1.0, class_weight=None, dual=False, fit_intercept=True,
                   intercept_scaling=1, l1_ratio=None, max_iter=1000,
                   multi_class='auto', n_jobs=None, penalty='l2',
                   random_state=6310, solver='lbfgs', tol=0.0001, verbose=0,
                   warm_start=False), fold=StratifiedKFold(n_splits=10, random_state=None, shuffle=False), round=4, cross_validation=False, predict=False, fit_kwargs={}, groups=None, refit=True, verbose=False, system=False, metrics=None, add_to_model_list=True, probability_threshold=None, display=None, kwargs={})
2022-03-08 00:40:30,210:INFO:Checking exceptions
2022-03-08 00:40:30,210:INFO:Importing libraries
2022-03-08 00:40:30,211:INFO:Copying training dataset
2022-03-08 00:40:30,211:INFO:Defining folds
2022-03-08 00:40:30,211:INFO:Declaring metric variables
2022-03-08 00:40:30,211:INFO:Importing untrained model
2022-03-08 00:40:30,211:INFO:Declaring custom model
2022-03-08 00:40:30,213:INFO:Logistic Regression Imported succesfully
2022-03-08 00:40:30,214:INFO:Cross validation set to False
2022-03-08 00:40:30,214:INFO:Fitting Model
2022-03-08 00:40:30,247:INFO:LogisticRegression(C=1.0, class_weight=None, dual=False, fit_intercept=True,
                   intercept_scaling=1, l1_ratio=None, max_iter=1000,
                   multi_class='auto', n_jobs=None, penalty='l2',
                   random_state=6310, solver='lbfgs', tol=0.0001, verbose=0,
                   warm_start=False)
2022-03-08 00:40:30,247:INFO:create_models() succesfully completed......................................
2022-03-08 00:40:30,420:INFO:create_model_container: 14
2022-03-08 00:40:30,421:INFO:master_model_container: 14
2022-03-08 00:40:30,421:INFO:display_container: 2
2022-03-08 00:40:30,422:INFO:LogisticRegression(C=1.0, class_weight=None, dual=False, fit_intercept=True,
                   intercept_scaling=1, l1_ratio=None, max_iter=1000,
                   multi_class='auto', n_jobs=None, penalty='l2',
                   random_state=6310, solver='lbfgs', tol=0.0001, verbose=0,
                   warm_start=False)
2022-03-08 00:40:30,422:INFO:compare_models() succesfully completed......................................
2022-03-08 00:40:38,789:INFO:gpu_param set to False
2022-03-08 00:40:38,886:WARNING:Wrong xgboost version. Expected xgboost>=1.1.0, got xgboost==0.90
2022-03-08 00:40:38,887:WARNING:Couldn't import catboost.CatBoostClassifier
2022-03-08 00:40:43,681:INFO:Initializing create_model()
2022-03-08 00:40:43,681:INFO:create_model(estimator=lr, fold=None, round=4, cross_validation=True, predict=True, fit_kwargs=None, groups=None, refit=True, verbose=True, system=True, metrics=None, add_to_model_list=True, probability_threshold=None, display=None, kwargs={})
2022-03-08 00:40:43,681:INFO:Checking exceptions
2022-03-08 00:40:43,682:INFO:Preparing display monitor
2022-03-08 00:40:43,723:INFO:Importing libraries
2022-03-08 00:40:43,724:INFO:Copying training dataset
2022-03-08 00:40:43,726:INFO:Defining folds
2022-03-08 00:40:43,726:INFO:Declaring metric variables
2022-03-08 00:40:43,744:INFO:Importing untrained model
2022-03-08 00:40:43,763:INFO:Logistic Regression Imported succesfully
2022-03-08 00:40:43,807:INFO:Starting cross validation
2022-03-08 00:40:43,809:INFO:Cross validating with StratifiedKFold(n_splits=10, random_state=None, shuffle=False), n_jobs=-1
2022-03-08 00:40:44,144:INFO:Calculating mean and std
2022-03-08 00:40:44,145:INFO:Creating metrics dataframe
2022-03-08 00:40:44,171:INFO:Finalizing model
2022-03-08 00:40:44,209:INFO:Uploading results into container
2022-03-08 00:40:44,209:INFO:Uploading model into container now
2022-03-08 00:40:44,231:INFO:create_model_container: 15
2022-03-08 00:40:44,232:INFO:master_model_container: 15
2022-03-08 00:40:44,232:INFO:display_container: 3
2022-03-08 00:40:44,232:INFO:LogisticRegression(C=1.0, class_weight=None, dual=False, fit_intercept=True,
                   intercept_scaling=1, l1_ratio=None, max_iter=1000,
                   multi_class='auto', n_jobs=None, penalty='l2',
                   random_state=6310, solver='lbfgs', tol=0.0001, verbose=0,
                   warm_start=False)
2022-03-08 00:40:44,233:INFO:create_model() succesfully completed......................................
2022-03-08 00:40:48,330:INFO:Initializing create_model()
2022-03-08 00:40:48,330:INFO:create_model(estimator=ridge, fold=None, round=4, cross_validation=True, predict=True, fit_kwargs=None, groups=None, refit=True, verbose=True, system=True, metrics=None, add_to_model_list=True, probability_threshold=None, display=None, kwargs={})
2022-03-08 00:40:48,331:INFO:Checking exceptions
2022-03-08 00:40:48,331:INFO:Preparing display monitor
2022-03-08 00:40:48,376:INFO:Importing libraries
2022-03-08 00:40:48,377:INFO:Copying training dataset
2022-03-08 00:40:48,379:INFO:Defining folds
2022-03-08 00:40:48,379:INFO:Declaring metric variables
2022-03-08 00:40:48,402:INFO:Importing untrained model
2022-03-08 00:40:48,420:INFO:Ridge Classifier Imported succesfully
2022-03-08 00:40:48,454:INFO:Starting cross validation
2022-03-08 00:40:48,456:INFO:Cross validating with StratifiedKFold(n_splits=10, random_state=None, shuffle=False), n_jobs=-1
2022-03-08 00:40:48,692:INFO:Calculating mean and std
2022-03-08 00:40:48,693:INFO:Creating metrics dataframe
2022-03-08 00:40:48,717:INFO:Finalizing model
2022-03-08 00:40:48,741:INFO:Uploading results into container
2022-03-08 00:40:48,741:INFO:Uploading model into container now
2022-03-08 00:40:48,768:INFO:create_model_container: 16
2022-03-08 00:40:48,768:INFO:master_model_container: 16
2022-03-08 00:40:48,768:INFO:display_container: 4
2022-03-08 00:40:48,769:INFO:RidgeClassifier(alpha=1.0, class_weight=None, copy_X=True, fit_intercept=True,
                max_iter=None, normalize=False, random_state=6310,
                solver='auto', tol=0.001)
2022-03-08 00:40:48,769:INFO:create_model() succesfully completed......................................
2022-03-08 00:40:53,203:INFO:Initializing create_model()
2022-03-08 00:40:53,203:INFO:create_model(estimator=lda, fold=None, round=4, cross_validation=True, predict=True, fit_kwargs=None, groups=None, refit=True, verbose=True, system=True, metrics=None, add_to_model_list=True, probability_threshold=None, display=None, kwargs={})
2022-03-08 00:40:53,203:INFO:Checking exceptions
2022-03-08 00:40:53,204:INFO:Preparing display monitor
2022-03-08 00:40:53,240:INFO:Importing libraries
2022-03-08 00:40:53,240:INFO:Copying training dataset
2022-03-08 00:40:53,242:INFO:Defining folds
2022-03-08 00:40:53,242:INFO:Declaring metric variables
2022-03-08 00:40:53,259:INFO:Importing untrained model
2022-03-08 00:40:53,274:INFO:Linear Discriminant Analysis Imported succesfully
2022-03-08 00:40:53,310:INFO:Starting cross validation
2022-03-08 00:40:53,311:INFO:Cross validating with StratifiedKFold(n_splits=10, random_state=None, shuffle=False), n_jobs=-1
2022-03-08 00:40:53,603:INFO:Calculating mean and std
2022-03-08 00:40:53,605:INFO:Creating metrics dataframe
2022-03-08 00:40:53,630:INFO:Finalizing model
2022-03-08 00:40:53,660:INFO:Uploading results into container
2022-03-08 00:40:53,661:INFO:Uploading model into container now
2022-03-08 00:40:53,687:INFO:create_model_container: 17
2022-03-08 00:40:53,687:INFO:master_model_container: 17
2022-03-08 00:40:53,688:INFO:display_container: 5
2022-03-08 00:40:53,688:INFO:LinearDiscriminantAnalysis(n_components=None, priors=None, shrinkage=None,
                           solver='svd', store_covariance=False, tol=0.0001)
2022-03-08 00:40:53,688:INFO:create_model() succesfully completed......................................
2022-03-08 00:40:56,654:INFO:Initializing blend_models()
2022-03-08 00:40:56,654:INFO:blend_models(estimator_list=[LogisticRegression(C=1.0, class_weight=None, dual=False, fit_intercept=True,
                   intercept_scaling=1, l1_ratio=None, max_iter=1000,
                   multi_class='auto', n_jobs=None, penalty='l2',
                   random_state=6310, solver='lbfgs', tol=0.0001, verbose=0,
                   warm_start=False), RidgeClassifier(alpha=1.0, class_weight=None, copy_X=True, fit_intercept=True,
                max_iter=None, normalize=False, random_state=6310,
                solver='auto', tol=0.001), LinearDiscriminantAnalysis(n_components=None, priors=None, shrinkage=None,
                           solver='svd', store_covariance=False, tol=0.0001)], fold=None, round=4, choose_better=False, optimize=Accuracy, method=auto, weights=None, fit_kwargs=None, groups=None, probability_threshold=None, verbose=True, display=None)
2022-03-08 00:40:56,654:INFO:Checking exceptions
2022-03-08 00:40:56,655:INFO:Estimator RidgeClassifier(alpha=1.0, class_weight=None, copy_X=True, fit_intercept=True,
                max_iter=None, normalize=False, random_state=6310,
                solver='auto', tol=0.001) doesn't support probabilities, falling back to 'hard'.
2022-03-08 00:40:56,656:INFO:Preparing display monitor
2022-03-08 00:40:56,701:INFO:Importing libraries
2022-03-08 00:40:56,701:INFO:Copying training dataset
2022-03-08 00:40:56,726:INFO:Getting model names
2022-03-08 00:40:56,746:INFO:SubProcess create_model() called ==================================
2022-03-08 00:40:56,751:INFO:Initializing create_model()
2022-03-08 00:40:56,751:INFO:create_model(estimator=VotingClassifier(estimators=[('lr',
                              LogisticRegression(C=1.0, class_weight=None,
                                                 dual=False, fit_intercept=True,
                                                 intercept_scaling=1,
                                                 l1_ratio=None, max_iter=1000,
                                                 multi_class='auto',
                                                 n_jobs=None, penalty='l2',
                                                 random_state=6310,
                                                 solver='lbfgs', tol=0.0001,
                                                 verbose=0, warm_start=False)),
                             ('ridge',
                              RidgeClassifier(alpha=1.0, class_weight=None,
                                              copy_X=True, fit_intercept=True,
                                              max_iter=None, normalize=False,
                                              random_state=6310, solver='auto',
                                              tol=0.001)),
                             ('lda',
                              LinearDiscriminantAnalysis(n_components=None,
                                                         priors=None,
                                                         shrinkage=None,
                                                         solver='svd',
                                                         store_covariance=False,
                                                         tol=0.0001))],
                 flatten_transform=True, n_jobs=-1, verbose=False,
                 voting='hard', weights=None), fold=StratifiedKFold(n_splits=10, random_state=None, shuffle=False), round=4, cross_validation=True, predict=True, fit_kwargs={}, groups=None, refit=True, verbose=True, system=False, metrics=None, add_to_model_list=True, probability_threshold=None, display=<pycaret.internal.Display.Display object at 0x7f145a49fcd0>, kwargs={})
2022-03-08 00:40:56,751:INFO:Checking exceptions
2022-03-08 00:40:56,751:INFO:Importing libraries
2022-03-08 00:40:56,755:INFO:Copying training dataset
2022-03-08 00:40:56,756:INFO:Defining folds
2022-03-08 00:40:56,757:INFO:Declaring metric variables
2022-03-08 00:40:56,773:INFO:Importing untrained model
2022-03-08 00:40:56,773:INFO:Declaring custom model
2022-03-08 00:40:56,790:INFO:Voting Classifier Imported succesfully
2022-03-08 00:40:56,823:INFO:Starting cross validation
2022-03-08 00:40:56,825:INFO:Cross validating with StratifiedKFold(n_splits=10, random_state=None, shuffle=False), n_jobs=-1
2022-03-08 00:40:57,559:INFO:Calculating mean and std
2022-03-08 00:40:57,560:INFO:Creating metrics dataframe
2022-03-08 00:40:57,581:INFO:Finalizing model
2022-03-08 00:40:57,648:INFO:Uploading results into container
2022-03-08 00:40:57,649:INFO:Uploading model into container now
2022-03-08 00:40:57,649:INFO:create_model_container: 18
2022-03-08 00:40:57,649:INFO:master_model_container: 18
2022-03-08 00:40:57,649:INFO:display_container: 6
2022-03-08 00:40:57,656:INFO:VotingClassifier(estimators=[('lr',
                              LogisticRegression(C=1.0, class_weight=None,
                                                 dual=False, fit_intercept=True,
                                                 intercept_scaling=1,
                                                 l1_ratio=None, max_iter=1000,
                                                 multi_class='auto',
                                                 n_jobs=None, penalty='l2',
                                                 random_state=6310,
                                                 solver='lbfgs', tol=0.0001,
                                                 verbose=0, warm_start=False)),
                             ('ridge',
                              RidgeClassifier(alpha=1.0, class_weight=None,
                                              copy_X=True, fit_intercept=True,
                                              max_iter=None, normalize=False,
                                              random_state=6310, solver='auto',
                                              tol=0.001)),
                             ('lda',
                              LinearDiscriminantAnalysis(n_components=None,
                                                         priors=None,
                                                         shrinkage=None,
                                                         solver='svd',
                                                         store_covariance=False,
                                                         tol=0.0001))],
                 flatten_transform=True, n_jobs=-1, verbose=False,
                 voting='hard', weights=None)
2022-03-08 00:40:57,656:INFO:create_model() succesfully completed......................................
2022-03-08 00:40:57,763:INFO:SubProcess create_model() end ==================================
2022-03-08 00:40:57,779:INFO:create_model_container: 18
2022-03-08 00:40:57,779:INFO:master_model_container: 18
2022-03-08 00:40:57,779:INFO:display_container: 6
2022-03-08 00:40:57,787:INFO:VotingClassifier(estimators=[('lr',
                              LogisticRegression(C=1.0, class_weight=None,
                                                 dual=False, fit_intercept=True,
                                                 intercept_scaling=1,
                                                 l1_ratio=None, max_iter=1000,
                                                 multi_class='auto',
                                                 n_jobs=None, penalty='l2',
                                                 random_state=6310,
                                                 solver='lbfgs', tol=0.0001,
                                                 verbose=0, warm_start=False)),
                             ('ridge',
                              RidgeClassifier(alpha=1.0, class_weight=None,
                                              copy_X=True, fit_intercept=True,
                                              max_iter=None, normalize=False,
                                              random_state=6310, solver='auto',
                                              tol=0.001)),
                             ('lda',
                              LinearDiscriminantAnalysis(n_components=None,
                                                         priors=None,
                                                         shrinkage=None,
                                                         solver='svd',
                                                         store_covariance=False,
                                                         tol=0.0001))],
                 flatten_transform=True, n_jobs=-1, verbose=False,
                 voting='hard', weights=None)
2022-03-08 00:40:57,787:INFO:blend_models() succesfully completed......................................
2022-03-08 00:41:13,899:INFO:Initializing tune_model()
2022-03-08 00:41:13,899:INFO:tune_model(estimator=LogisticRegression(C=1.0, class_weight=None, dual=False, fit_intercept=True,
                   intercept_scaling=1, l1_ratio=None, max_iter=1000,
                   multi_class='auto', n_jobs=None, penalty='l2',
                   random_state=6310, solver='lbfgs', tol=0.0001, verbose=0,
                   warm_start=False), fold=None, round=4, n_iter=10, custom_grid=None, optimize=Recall, custom_scorer=None, search_library=scikit-learn, search_algorithm=None, early_stopping=False, early_stopping_max_iters=10, choose_better=False, fit_kwargs=None, groups=None, return_tuner=False, verbose=True, tuner_verbose=True, display=None, kwargs={})
2022-03-08 00:41:13,899:INFO:Checking exceptions
2022-03-08 00:41:13,900:INFO:Preparing display monitor
2022-03-08 00:41:13,939:INFO:Copying training dataset
2022-03-08 00:41:13,941:INFO:Checking base model
2022-03-08 00:41:13,941:INFO:Base model : Logistic Regression
2022-03-08 00:41:13,961:INFO:Declaring metric variables
2022-03-08 00:41:13,979:INFO:Defining Hyperparameters
2022-03-08 00:41:14,100:INFO:Tuning with n_jobs=-1
2022-03-08 00:41:14,100:INFO:Initializing RandomizedSearchCV
2022-03-08 00:41:16,618:INFO:best_params: {'actual_estimator__class_weight': {}, 'actual_estimator__C': 7.890000000000001}
2022-03-08 00:41:16,618:INFO:Hyperparameter search completed
2022-03-08 00:41:16,619:INFO:SubProcess create_model() called ==================================
2022-03-08 00:41:16,620:INFO:Initializing create_model()
2022-03-08 00:41:16,620:INFO:create_model(estimator=LogisticRegression(C=1.0, class_weight=None, dual=False, fit_intercept=True,
                   intercept_scaling=1, l1_ratio=None, max_iter=1000,
                   multi_class='auto', n_jobs=None, penalty='l2',
                   random_state=6310, solver='lbfgs', tol=0.0001, verbose=0,
                   warm_start=False), fold=StratifiedKFold(n_splits=10, random_state=None, shuffle=False), round=4, cross_validation=True, predict=True, fit_kwargs={}, groups=None, refit=True, verbose=True, system=False, metrics=None, add_to_model_list=True, probability_threshold=None, display=<pycaret.internal.Display.Display object at 0x7f145d1aa390>, kwargs={'class_weight': {}, 'C': 7.890000000000001})
2022-03-08 00:41:16,620:INFO:Checking exceptions
2022-03-08 00:41:16,620:INFO:Importing libraries
2022-03-08 00:41:16,620:INFO:Copying training dataset
2022-03-08 00:41:16,621:INFO:Defining folds
2022-03-08 00:41:16,621:INFO:Declaring metric variables
2022-03-08 00:41:16,647:INFO:Importing untrained model
2022-03-08 00:41:16,648:INFO:Declaring custom model
2022-03-08 00:41:16,665:INFO:Logistic Regression Imported succesfully
2022-03-08 00:41:16,710:INFO:Starting cross validation
2022-03-08 00:41:16,711:INFO:Cross validating with StratifiedKFold(n_splits=10, random_state=None, shuffle=False), n_jobs=-1
2022-03-08 00:41:17,051:INFO:Calculating mean and std
2022-03-08 00:41:17,053:INFO:Creating metrics dataframe
2022-03-08 00:41:17,073:INFO:Finalizing model
2022-03-08 00:41:17,107:INFO:Uploading results into container
2022-03-08 00:41:17,107:INFO:Uploading model into container now
2022-03-08 00:41:17,107:INFO:create_model_container: 19
2022-03-08 00:41:17,107:INFO:master_model_container: 19
2022-03-08 00:41:17,108:INFO:display_container: 7
2022-03-08 00:41:17,108:INFO:LogisticRegression(C=7.890000000000001, class_weight={}, dual=False,
                   fit_intercept=True, intercept_scaling=1, l1_ratio=None,
                   max_iter=1000, multi_class='auto', n_jobs=None, penalty='l2',
                   random_state=6310, solver='lbfgs', tol=0.0001, verbose=0,
                   warm_start=False)
2022-03-08 00:41:17,108:INFO:create_model() succesfully completed......................................
2022-03-08 00:41:17,241:INFO:SubProcess create_model() end ==================================
2022-03-08 00:41:17,259:INFO:create_model_container: 19
2022-03-08 00:41:17,259:INFO:master_model_container: 19
2022-03-08 00:41:17,259:INFO:display_container: 7
2022-03-08 00:41:17,260:INFO:LogisticRegression(C=7.890000000000001, class_weight={}, dual=False,
                   fit_intercept=True, intercept_scaling=1, l1_ratio=None,
                   max_iter=1000, multi_class='auto', n_jobs=None, penalty='l2',
                   random_state=6310, solver='lbfgs', tol=0.0001, verbose=0,
                   warm_start=False)
2022-03-08 00:41:17,260:INFO:tune_model() succesfully completed......................................
2022-03-08 00:41:22,551:INFO:Initializing calibrate_model()
2022-03-08 00:41:22,551:INFO:calibrate_model(estimator=LogisticRegression(C=7.890000000000001, class_weight={}, dual=False,
                   fit_intercept=True, intercept_scaling=1, l1_ratio=None,
                   max_iter=1000, multi_class='auto', n_jobs=None, penalty='l2',
                   random_state=6310, solver='lbfgs', tol=0.0001, verbose=0,
                   warm_start=False), method=sigmoid, calibrate_fold=5, fold=None, round=4, fit_kwargs=None, groups=None, verbose=True, display=None)
2022-03-08 00:41:22,551:INFO:Checking exceptions
2022-03-08 00:41:22,551:INFO:Preloading libraries
2022-03-08 00:41:22,551:INFO:Preparing display monitor
2022-03-08 00:41:22,551:INFO:Preparing display monitor
2022-03-08 00:41:22,592:INFO:Getting model name
2022-03-08 00:41:22,593:INFO:Base model : Logistic Regression
2022-03-08 00:41:22,622:INFO:Importing untrained CalibratedClassifierCV
2022-03-08 00:41:22,624:INFO:SubProcess create_model() called ==================================
2022-03-08 00:41:22,626:INFO:Initializing create_model()
2022-03-08 00:41:22,626:INFO:create_model(estimator=CalibratedClassifierCV(base_estimator=LogisticRegression(C=7.890000000000001,
                                                         class_weight={},
                                                         dual=False,
                                                         fit_intercept=True,
                                                         intercept_scaling=1,
                                                         l1_ratio=None,
                                                         max_iter=1000,
                                                         multi_class='auto',
                                                         n_jobs=None,
                                                         penalty='l2',
                                                         random_state=6310,
                                                         solver='lbfgs',
                                                         tol=0.0001, verbose=0,
                                                         warm_start=False),
                       cv=5, method='sigmoid'), fold=StratifiedKFold(n_splits=10, random_state=None, shuffle=False), round=4, cross_validation=True, predict=True, fit_kwargs={}, groups=None, refit=True, verbose=True, system=False, metrics=None, add_to_model_list=True, probability_threshold=None, display=<pycaret.internal.Display.Display object at 0x7f1457bffe50>, kwargs={})
2022-03-08 00:41:22,626:INFO:Checking exceptions
2022-03-08 00:41:22,627:INFO:Importing libraries
2022-03-08 00:41:22,627:INFO:Copying training dataset
2022-03-08 00:41:22,629:INFO:Defining folds
2022-03-08 00:41:22,629:INFO:Declaring metric variables
2022-03-08 00:41:22,644:INFO:Importing untrained model
2022-03-08 00:41:22,644:INFO:Declaring custom model
2022-03-08 00:41:22,660:INFO:Logistic Regression Imported succesfully
2022-03-08 00:41:22,694:INFO:Starting cross validation
2022-03-08 00:41:22,695:INFO:Cross validating with StratifiedKFold(n_splits=10, random_state=None, shuffle=False), n_jobs=-1
2022-03-08 00:41:23,569:INFO:Calculating mean and std
2022-03-08 00:41:23,571:INFO:Creating metrics dataframe
2022-03-08 00:41:23,593:INFO:Finalizing model
2022-03-08 00:41:23,740:INFO:Uploading results into container
2022-03-08 00:41:23,741:INFO:Uploading model into container now
2022-03-08 00:41:23,741:INFO:create_model_container: 20
2022-03-08 00:41:23,741:INFO:master_model_container: 20
2022-03-08 00:41:23,741:INFO:display_container: 8
2022-03-08 00:41:23,743:INFO:CalibratedClassifierCV(base_estimator=LogisticRegression(C=7.890000000000001,
                                                         class_weight={},
                                                         dual=False,
                                                         fit_intercept=True,
                                                         intercept_scaling=1,
                                                         l1_ratio=None,
                                                         max_iter=1000,
                                                         multi_class='auto',
                                                         n_jobs=None,
                                                         penalty='l2',
                                                         random_state=6310,
                                                         solver='lbfgs',
                                                         tol=0.0001, verbose=0,
                                                         warm_start=False),
                       cv=5, method='sigmoid')
2022-03-08 00:41:23,743:INFO:create_model() succesfully completed......................................
2022-03-08 00:41:23,886:INFO:SubProcess create_model() end ==================================
2022-03-08 00:41:23,911:INFO:create_model_container: 20
2022-03-08 00:41:23,911:INFO:master_model_container: 20
2022-03-08 00:41:23,911:INFO:display_container: 8
2022-03-08 00:41:23,914:INFO:CalibratedClassifierCV(base_estimator=LogisticRegression(C=7.890000000000001,
                                                         class_weight={},
                                                         dual=False,
                                                         fit_intercept=True,
                                                         intercept_scaling=1,
                                                         l1_ratio=None,
                                                         max_iter=1000,
                                                         multi_class='auto',
                                                         n_jobs=None,
                                                         penalty='l2',
                                                         random_state=6310,
                                                         solver='lbfgs',
                                                         tol=0.0001, verbose=0,
                                                         warm_start=False),
                       cv=5, method='sigmoid')
2022-03-08 00:41:23,914:INFO:calibrate_model() succesfully completed......................................
2022-03-08 00:41:33,828:INFO:Initializing evaluate_model()
2022-03-08 00:41:33,829:INFO:evaluate_model(estimator=CalibratedClassifierCV(base_estimator=LogisticRegression(C=7.890000000000001,
                                                         class_weight={},
                                                         dual=False,
                                                         fit_intercept=True,
                                                         intercept_scaling=1,
                                                         l1_ratio=None,
                                                         max_iter=1000,
                                                         multi_class='auto',
                                                         n_jobs=None,
                                                         penalty='l2',
                                                         random_state=6310,
                                                         solver='lbfgs',
                                                         tol=0.0001, verbose=0,
                                                         warm_start=False),
                       cv=5, method='sigmoid'), fold=None, fit_kwargs=None, plot_kwargs=None, feature_name=None, groups=None, use_train_data=False)
2022-03-08 00:41:33,880:INFO:Initializing plot_model()
2022-03-08 00:41:33,880:INFO:plot_model(fold=StratifiedKFold(n_splits=10, random_state=None, shuffle=False), use_train_data=False, verbose=True, is_in_evaluate=True, display=None, display_format=None, estimator=CalibratedClassifierCV(base_estimator=LogisticRegression(C=7.890000000000001,
                                                         class_weight={},
                                                         dual=False,
                                                         fit_intercept=True,
                                                         intercept_scaling=1,
                                                         l1_ratio=None,
                                                         max_iter=1000,
                                                         multi_class='auto',
                                                         n_jobs=None,
                                                         penalty='l2',
                                                         random_state=6310,
                                                         solver='lbfgs',
                                                         tol=0.0001, verbose=0,
                                                         warm_start=False),
                       cv=5, method='sigmoid'), feature_name=None, fit_kwargs={}, groups=None, label=False, plot=parameter, plot_kwargs={}, save=False, scale=1, system=True)
2022-03-08 00:41:33,880:INFO:Checking exceptions
2022-03-08 00:41:33,881:INFO:Preparing display monitor
2022-03-08 00:41:33,898:INFO:Preloading libraries
2022-03-08 00:41:33,903:INFO:Copying training dataset
2022-03-08 00:41:33,903:INFO:Copying test dataset
2022-03-08 00:41:33,904:INFO:Plot type: parameter
2022-03-08 00:41:33,919:INFO:Visual Rendered Successfully
2022-03-08 00:41:34,036:INFO:plot_model() succesfully completed......................................
2022-03-08 00:41:36,292:INFO:Initializing plot_model()
2022-03-08 00:41:36,292:INFO:plot_model(fold=StratifiedKFold(n_splits=10, random_state=None, shuffle=False), use_train_data=False, verbose=True, is_in_evaluate=True, display=None, display_format=None, estimator=CalibratedClassifierCV(base_estimator=LogisticRegression(C=7.890000000000001,
                                                         class_weight={},
                                                         dual=False,
                                                         fit_intercept=True,
                                                         intercept_scaling=1,
                                                         l1_ratio=None,
                                                         max_iter=1000,
                                                         multi_class='auto',
                                                         n_jobs=None,
                                                         penalty='l2',
                                                         random_state=6310,
                                                         solver='lbfgs',
                                                         tol=0.0001, verbose=0,
                                                         warm_start=False),
                       cv=5, method='sigmoid'), feature_name=None, fit_kwargs={}, groups=None, label=False, plot=auc, plot_kwargs={}, save=False, scale=1, system=True)
2022-03-08 00:41:36,292:INFO:Checking exceptions
2022-03-08 00:41:36,294:INFO:Preparing display monitor
2022-03-08 00:41:36,309:INFO:Preloading libraries
2022-03-08 00:41:36,311:INFO:Copying training dataset
2022-03-08 00:41:36,314:INFO:Copying test dataset
2022-03-08 00:41:36,315:INFO:Plot type: auc
2022-03-08 00:41:36,316:INFO:Initializing get_config()
2022-03-08 00:41:36,316:INFO:get_config(variable=prep_pipe)
2022-03-08 00:41:36,327:INFO:Global variable: prep_pipe returned as Pipeline(memory=None,
         steps=[('dtypes',
                 DataTypes_Auto_infer(categorical_features=[],
                                      display_types=True, features_todrop=[],
                                      id_columns=[],
                                      ml_usecase='classification',
                                      numerical_features=[], target='T',
                                      time_features=[])),
                ('imputer',
                 Simple_Imputer(categorical_strategy='not_available',
                                fill_value_categorical=None,
                                fill_value_numerical=None,
                                numeric_strategy='...
                ('cluster_all', 'passthrough'), ('dummy', Dummify(target='T')),
                ('fix_perfect', Remove_100(target='T')),
                ('clean_names', Clean_Colum_Names()),
                ('feature_select', 'passthrough'),
                ('fix_multi',
                 Fix_multicollinearity(correlation_with_target_preference=None,
                                       correlation_with_target_threshold=0.0,
                                       target_variable='T', threshold=0.9)),
                ('dfs', 'passthrough'), ('pca', 'passthrough')],
         verbose=False)
2022-03-08 00:41:36,328:INFO:get_config() succesfully completed......................................
2022-03-08 00:41:36,332:INFO:Fitting Model
2022-03-08 00:41:36,335:INFO:Scoring test/hold-out set
2022-03-08 00:41:36,644:INFO:Visual Rendered Successfully
2022-03-08 00:41:36,754:INFO:plot_model() succesfully completed......................................
2022-03-08 00:41:42,173:INFO:Initializing predict_model()
2022-03-08 00:41:42,173:INFO:predict_model(estimator=CalibratedClassifierCV(base_estimator=LogisticRegression(C=7.890000000000001,
                                                         class_weight={},
                                                         dual=False,
                                                         fit_intercept=True,
                                                         intercept_scaling=1,
                                                         l1_ratio=None,
                                                         max_iter=1000,
                                                         multi_class='auto',
                                                         n_jobs=None,
                                                         penalty='l2',
                                                         random_state=6310,
                                                         solver='lbfgs',
                                                         tol=0.0001, verbose=0,
                                                         warm_start=False),
                       cv=5, method='sigmoid'), probability_threshold=None, encoded_labels=False, drift_report=False, raw_score=False, round=4, verbose=True, ml_usecase=MLUsecase.CLASSIFICATION, display=None)
2022-03-08 00:41:42,173:INFO:Checking exceptions
2022-03-08 00:41:42,173:INFO:Preloading libraries
2022-03-08 00:41:42,174:INFO:Preparing display monitor
2022-03-08 00:41:46,484:INFO:Initializing finalize_model()
2022-03-08 00:41:46,484:INFO:finalize_model(estimator=CalibratedClassifierCV(base_estimator=LogisticRegression(C=7.890000000000001,
                                                         class_weight={},
                                                         dual=False,
                                                         fit_intercept=True,
                                                         intercept_scaling=1,
                                                         l1_ratio=None,
                                                         max_iter=1000,
                                                         multi_class='auto',
                                                         n_jobs=None,
                                                         penalty='l2',
                                                         random_state=6310,
                                                         solver='lbfgs',
                                                         tol=0.0001, verbose=0,
                                                         warm_start=False),
                       cv=5, method='sigmoid'), fit_kwargs=None, groups=None, model_only=True, display=None)
2022-03-08 00:41:46,487:INFO:Finalizing CalibratedClassifierCV(base_estimator=LogisticRegression(C=7.890000000000001,
                                                         class_weight={},
                                                         dual=False,
                                                         fit_intercept=True,
                                                         intercept_scaling=1,
                                                         l1_ratio=None,
                                                         max_iter=1000,
                                                         multi_class='auto',
                                                         n_jobs=None,
                                                         penalty='l2',
                                                         random_state=6310,
                                                         solver='lbfgs',
                                                         tol=0.0001, verbose=0,
                                                         warm_start=False),
                       cv=5, method='sigmoid')
2022-03-08 00:41:46,488:INFO:Initializing create_model()
2022-03-08 00:41:46,489:INFO:create_model(estimator=CalibratedClassifierCV(base_estimator=LogisticRegression(C=7.890000000000001,
                                                         class_weight={},
                                                         dual=False,
                                                         fit_intercept=True,
                                                         intercept_scaling=1,
                                                         l1_ratio=None,
                                                         max_iter=1000,
                                                         multi_class='auto',
                                                         n_jobs=None,
                                                         penalty='l2',
                                                         random_state=6310,
                                                         solver='lbfgs',
                                                         tol=0.0001, verbose=0,
                                                         warm_start=False),
                       cv=5, method='sigmoid'), fold=None, round=4, cross_validation=True, predict=True, fit_kwargs={}, groups=None, refit=True, verbose=False, system=False, metrics=None, add_to_model_list=False, probability_threshold=None, display=None, kwargs={})
2022-03-08 00:41:46,489:INFO:Checking exceptions
2022-03-08 00:41:46,489:INFO:Importing libraries
2022-03-08 00:41:46,489:INFO:Copying training dataset
2022-03-08 00:41:46,489:INFO:Defining folds
2022-03-08 00:41:46,489:INFO:Declaring metric variables
2022-03-08 00:41:46,489:INFO:Importing untrained model
2022-03-08 00:41:46,490:INFO:Declaring custom model
2022-03-08 00:41:46,491:INFO:Logistic Regression Imported succesfully
2022-03-08 00:41:46,491:INFO:Starting cross validation
2022-03-08 00:41:46,492:INFO:Cross validating with StratifiedKFold(n_splits=10, random_state=None, shuffle=False), n_jobs=-1
2022-03-08 00:41:47,598:INFO:Calculating mean and std
2022-03-08 00:41:47,599:INFO:Creating metrics dataframe
2022-03-08 00:41:47,603:INFO:Finalizing model
2022-03-08 00:41:47,808:INFO:create_model_container: 20
2022-03-08 00:41:47,809:INFO:master_model_container: 20
2022-03-08 00:41:47,809:INFO:display_container: 10
2022-03-08 00:41:47,811:INFO:CalibratedClassifierCV(base_estimator=LogisticRegression(C=7.890000000000001,
                                                         class_weight={},
                                                         dual=False,
                                                         fit_intercept=True,
                                                         intercept_scaling=1,
                                                         l1_ratio=None,
                                                         max_iter=1000,
                                                         multi_class='auto',
                                                         n_jobs=None,
                                                         penalty='l2',
                                                         random_state=6310,
                                                         solver='lbfgs',
                                                         tol=0.0001, verbose=0,
                                                         warm_start=False),
                       cv=5, method='sigmoid')
2022-03-08 00:41:47,811:INFO:create_model() succesfully completed......................................
2022-03-08 00:41:47,946:INFO:create_model_container: 20
2022-03-08 00:41:47,946:INFO:master_model_container: 20
2022-03-08 00:41:47,946:INFO:display_container: 9
2022-03-08 00:41:47,948:INFO:CalibratedClassifierCV(base_estimator=LogisticRegression(C=7.890000000000001,
                                                         class_weight={},
                                                         dual=False,
                                                         fit_intercept=True,
                                                         intercept_scaling=1,
                                                         l1_ratio=None,
                                                         max_iter=1000,
                                                         multi_class='auto',
                                                         n_jobs=None,
                                                         penalty='l2',
                                                         random_state=6310,
                                                         solver='lbfgs',
                                                         tol=0.0001, verbose=0,
                                                         warm_start=False),
                       cv=5, method='sigmoid')
2022-03-08 00:41:47,948:INFO:finalize_model() succesfully completed......................................
2022-03-08 00:41:57,266:INFO:Initializing save_model()
2022-03-08 00:41:57,267:INFO:save_model(model=CalibratedClassifierCV(base_estimator=LogisticRegression(C=7.890000000000001,
                                                         class_weight={},
                                                         dual=False,
                                                         fit_intercept=True,
                                                         intercept_scaling=1,
                                                         l1_ratio=None,
                                                         max_iter=1000,
                                                         multi_class='auto',
                                                         n_jobs=None,
                                                         penalty='l2',
                                                         random_state=6310,
                                                         solver='lbfgs',
                                                         tol=0.0001, verbose=0,
                                                         warm_start=False),
                       cv=5, method='sigmoid'), model_name=Final_Model, prep_pipe_=Pipeline(memory=None,
         steps=[('dtypes',
                 DataTypes_Auto_infer(categorical_features=[],
                                      display_types=True, features_todrop=[],
                                      id_columns=[],
                                      ml_usecase='classification',
                                      numerical_features=[], target='T',
                                      time_features=[])),
                ('imputer',
                 Simple_Imputer(categorical_strategy='not_available',
                                fill_value_categorical=None,
                                fill_value_numerical=None,
                                numeric_strategy='...
                ('cluster_all', 'passthrough'), ('dummy', Dummify(target='T')),
                ('fix_perfect', Remove_100(target='T')),
                ('clean_names', Clean_Colum_Names()),
                ('feature_select', 'passthrough'),
                ('fix_multi',
                 Fix_multicollinearity(correlation_with_target_preference=None,
                                       correlation_with_target_threshold=0.0,
                                       target_variable='T', threshold=0.9)),
                ('dfs', 'passthrough'), ('pca', 'passthrough')],
         verbose=False), verbose=True, kwargs={})
2022-03-08 00:41:57,267:INFO:Adding model into prep_pipe
2022-03-08 00:41:57,283:INFO:Final_Model.pkl saved in current working directory
2022-03-08 00:41:57,294:INFO:Pipeline(memory=None,
         steps=[('dtypes',
                 DataTypes_Auto_infer(categorical_features=[],
                                      display_types=True, features_todrop=[],
                                      id_columns=[],
                                      ml_usecase='classification',
                                      numerical_features=[], target='T',
                                      time_features=[])),
                ('imputer',
                 Simple_Imputer(categorical_strategy='not_available',
                                fill_value_categorical=None,
                                fill_value_numerical=None,
                                numeric_strategy='...
                ('dfs', 'passthrough'), ('pca', 'passthrough'),
                ['trained_model',
                 CalibratedClassifierCV(base_estimator=LogisticRegression(C=7.890000000000001,
                                                                          class_weight={},
                                                                          dual=False,
                                                                          fit_intercept=True,
                                                                          intercept_scaling=1,
                                                                          l1_ratio=None,
                                                                          max_iter=1000,
                                                                          multi_class='auto',
                                                                          n_jobs=None,
                                                                          penalty='l2',
                                                                          random_state=6310,
                                                                          solver='lbfgs',
                                                                          tol=0.0001,
                                                                          verbose=0,
                                                                          warm_start=False),
                                        cv=5, method='sigmoid')]],
         verbose=False)
2022-03-08 00:41:57,294:INFO:save_model() successfully completed......................................
